ERROR [pool-2-thread-4] 2017-11-08 16:11:19 (DdzReceiver.java:162) 
java.lang.reflect.InvocationTargetException
	at sun.reflect.NativeMethodAccessorImpl.invoke0(Native Method) ~[?:1.8.0_91]
	at sun.reflect.NativeMethodAccessorImpl.invoke(NativeMethodAccessorImpl.java:62) ~[?:1.8.0_91]
	at sun.reflect.DelegatingMethodAccessorImpl.invoke(DelegatingMethodAccessorImpl.java:43) ~[?:1.8.0_91]
	at java.lang.reflect.Method.invoke(Method.java:498) ~[?:1.8.0_91]
	at com.starland.tools.network.message.MessageHandlerImpl.doHandleMessage(MessageHandlerImpl.java:82) ~[tools-network-1.5.jar:?]
	at com.starland.tools.network.message.MessageHandlerImpl.access$1(MessageHandlerImpl.java:60) ~[tools-network-1.5.jar:?]
	at com.starland.tools.network.message.MessageHandlerImpl$1.run(MessageHandlerImpl.java:45) ~[tools-network-1.5.jar:?]
	at java.util.concurrent.Executors$RunnableAdapter.call(Executors.java:511) [?:1.8.0_91]
	at java.util.concurrent.FutureTask.run(FutureTask.java:266) [?:1.8.0_91]
	at java.util.concurrent.ScheduledThreadPoolExecutor$ScheduledFutureTask.access$201(ScheduledThreadPoolExecutor.java:180) [?:1.8.0_91]
	at java.util.concurrent.ScheduledThreadPoolExecutor$ScheduledFutureTask.run(ScheduledThreadPoolExecutor.java:293) [?:1.8.0_91]
	at java.util.concurrent.ThreadPoolExecutor.runWorker(ThreadPoolExecutor.java:1142) [?:1.8.0_91]
	at java.util.concurrent.ThreadPoolExecutor$Worker.run(ThreadPoolExecutor.java:617) [?:1.8.0_91]
	at java.lang.Thread.run(Thread.java:745) [?:1.8.0_91]
Caused by: java.lang.NullPointerException
	at com.starland.xyqp.ddz.receiver.DdzReceiver.getSeat(DdzReceiver.java:1158) ~[classes/:?]
	at com.starland.xyqp.ddz.receiver.DdzReceiver.leaveRoom(DdzReceiver.java:395) ~[classes/:?]
	... 14 more
