ERROR [pool-2-thread-1] 2017-12-08 11:35:23 (ZjhReceiver.java:87) 
java.lang.NullPointerException
	at com.starland.xyqp.zjhjb.business.ZjhLogic.canecelScheduleSeat(ZjhLogic.java:897) ~[classes/:?]
	at com.starland.xyqp.zjhjb.business.ZjhLogic.leaveRoom(ZjhLogic.java:963) ~[classes/:?]
	at com.starland.xyqp.zjhjb.receiver.ZjhReceiver.leaveRoom(ZjhReceiver.java:241) ~[classes/:?]
	at sun.reflect.NativeMethodAccessorImpl.invoke0(Native Method) ~[?:1.8.0_91]
	at sun.reflect.NativeMethodAccessorImpl.invoke(NativeMethodAccessorImpl.java:62) ~[?:1.8.0_91]
	at sun.reflect.DelegatingMethodAccessorImpl.invoke(DelegatingMethodAccessorImpl.java:43) ~[?:1.8.0_91]
	at java.lang.reflect.Method.invoke(Method.java:498) ~[?:1.8.0_91]
	at com.starland.tools.network.message.MessageHandlerImpl.doHandleMessage(MessageHandlerImpl.java:84) ~[tools-network-1.7.jar:?]
	at com.starland.tools.network.message.MessageHandlerImpl.access$100(MessageHandlerImpl.java:26) ~[tools-network-1.7.jar:?]
	at com.starland.tools.network.message.MessageHandlerImpl$1.run(MessageHandlerImpl.java:45) ~[tools-network-1.7.jar:?]
	at java.util.concurrent.Executors$RunnableAdapter.call(Executors.java:511) [?:1.8.0_91]
	at java.util.concurrent.FutureTask.run(FutureTask.java:266) [?:1.8.0_91]
	at java.util.concurrent.ScheduledThreadPoolExecutor$ScheduledFutureTask.access$201(ScheduledThreadPoolExecutor.java:180) [?:1.8.0_91]
	at java.util.concurrent.ScheduledThreadPoolExecutor$ScheduledFutureTask.run(ScheduledThreadPoolExecutor.java:293) [?:1.8.0_91]
	at java.util.concurrent.ThreadPoolExecutor.runWorker(ThreadPoolExecutor.java:1142) [?:1.8.0_91]
	at java.util.concurrent.ThreadPoolExecutor$Worker.run(ThreadPoolExecutor.java:617) [?:1.8.0_91]
	at java.lang.Thread.run(Thread.java:745) [?:1.8.0_91]
ERROR [pool-2-thread-2] 2017-12-08 11:36:16 (ZjhReceiver.java:87) 
java.lang.NullPointerException
	at com.starland.xyqp.zjhjb.business.ZjhLogic.canecelScheduleSeat(ZjhLogic.java:897) ~[classes/:?]
	at com.starland.xyqp.zjhjb.business.ZjhLogic.leaveRoom(ZjhLogic.java:963) ~[classes/:?]
	at com.starland.xyqp.zjhjb.receiver.ZjhReceiver.leaveRoom(ZjhReceiver.java:241) ~[classes/:?]
	at sun.reflect.NativeMethodAccessorImpl.invoke0(Native Method) ~[?:1.8.0_91]
	at sun.reflect.NativeMethodAccessorImpl.invoke(NativeMethodAccessorImpl.java:62) ~[?:1.8.0_91]
	at sun.reflect.DelegatingMethodAccessorImpl.invoke(DelegatingMethodAccessorImpl.java:43) ~[?:1.8.0_91]
	at java.lang.reflect.Method.invoke(Method.java:498) ~[?:1.8.0_91]
	at com.starland.tools.network.message.MessageHandlerImpl.doHandleMessage(MessageHandlerImpl.java:84) ~[tools-network-1.7.jar:?]
	at com.starland.tools.network.message.MessageHandlerImpl.access$100(MessageHandlerImpl.java:26) ~[tools-network-1.7.jar:?]
	at com.starland.tools.network.message.MessageHandlerImpl$1.run(MessageHandlerImpl.java:45) ~[tools-network-1.7.jar:?]
	at java.util.concurrent.Executors$RunnableAdapter.call(Executors.java:511) [?:1.8.0_91]
	at java.util.concurrent.FutureTask.run(FutureTask.java:266) [?:1.8.0_91]
	at java.util.concurrent.ScheduledThreadPoolExecutor$ScheduledFutureTask.access$201(ScheduledThreadPoolExecutor.java:180) [?:1.8.0_91]
	at java.util.concurrent.ScheduledThreadPoolExecutor$ScheduledFutureTask.run(ScheduledThreadPoolExecutor.java:293) [?:1.8.0_91]
	at java.util.concurrent.ThreadPoolExecutor.runWorker(ThreadPoolExecutor.java:1142) [?:1.8.0_91]
	at java.util.concurrent.ThreadPoolExecutor$Worker.run(ThreadPoolExecutor.java:617) [?:1.8.0_91]
	at java.lang.Thread.run(Thread.java:745) [?:1.8.0_91]
